This is pdfTeX, Version 3.14159265-2.6-1.40.17 (TeX Live 2016) (preloaded format=pdflatex 2016.5.22)  17 NOV 2017 19:56
entering extended mode
 restricted \write18 enabled.
 file:line:error style messages enabled.
 %&-line parsing enabled.
**Report.tex
(./Report.tex
LaTeX2e <2016/03/31>
Babel <3.9r> and hyphenation patterns for 83 language(s) loaded.
(/usr/local/texlive/2016/texmf-dist/tex/latex/base/article.cls
Document Class: article 2014/09/29 v1.4h Standard LaTeX document class
(/usr/local/texlive/2016/texmf-dist/tex/latex/base/size10.clo
File: size10.clo 2014/09/29 v1.4h Standard LaTeX file (size option)
)
\c@part=\count79
\c@section=\count80
\c@subsection=\count81
\c@subsubsection=\count82
\c@paragraph=\count83
\c@subparagraph=\count84
\c@figure=\count85
\c@table=\count86
\abovecaptionskip=\skip41
\belowcaptionskip=\skip42
\bibindent=\dimen102
)
(/usr/local/texlive/2016/texmf-dist/tex/latex/blindtext/blindtext.sty
Package: blindtext 2012/01/06 V2.0 blindtext-Package

(/usr/local/texlive/2016/texmf-dist/tex/latex/tools/xspace.sty
Package: xspace 2014/10/28 v1.13 Space after command names (DPC,MH)
)
\c@blindtext=\count87
\c@Blindtext=\count88
\c@blind@countparstart=\count89
\blind@countxx=\count90
\blindtext@numBlindtext=\count91
\blind@countyy=\count92
\c@blindlist=\count93
\c@blindlistlevel=\count94
\c@blindlist@level=\count95
\blind@listitem=\count96
\c@blind@listcount=\count97
\c@blind@levelcount=\count98
\blind@mathformula=\count99
\blind@Mathformula=\count100
\c@blind@randomcount=\count101
\c@blind@randommax=\count102
\c@blind@pangramcount=\count103
\c@blind@pangrammax=\count104
)
(/usr/local/texlive/2016/texmf-dist/tex/latex/amsfonts/amsfonts.sty
Package: amsfonts 2013/01/14 v3.01 Basic AMSFonts support
\@emptytoks=\toks14
\symAMSa=\mathgroup4
\symAMSb=\mathgroup5
LaTeX Font Info:    Overwriting math alphabet `\mathfrak' in version `bold'
(Font)                  U/euf/m/n --> U/euf/b/n on input line 106.
)
(/usr/local/texlive/2016/texmf-dist/tex/latex/graphics/graphicx.sty
Package: graphicx 2014/10/28 v1.0g Enhanced LaTeX Graphics (DPC,SPQR)

(/usr/local/texlive/2016/texmf-dist/tex/latex/graphics/keyval.sty
Package: keyval 2014/10/28 v1.15 key=value parser (DPC)
\KV@toks@=\toks15
)
(/usr/local/texlive/2016/texmf-dist/tex/latex/graphics/graphics.sty
Package: graphics 2016/05/09 v1.0r Standard LaTeX Graphics (DPC,SPQR)

(/usr/local/texlive/2016/texmf-dist/tex/latex/graphics/trig.sty
Package: trig 2016/01/03 v1.10 sin cos tan (DPC)
)
(/usr/local/texlive/2016/texmf-dist/tex/latex/graphics-cfg/graphics.cfg
File: graphics.cfg 2016/01/02 v1.10 sample graphics configuration
)
Package graphics Info: Driver file: pdftex.def on input line 96.

(/usr/local/texlive/2016/texmf-dist/tex/latex/pdftex-def/pdftex.def
File: pdftex.def 2011/05/27 v0.06d Graphics/color for pdfTeX

(/usr/local/texlive/2016/texmf-dist/tex/generic/oberdiek/infwarerr.sty
Package: infwarerr 2016/05/16 v1.4 Providing info/warning/error messages (HO)
)
(/usr/local/texlive/2016/texmf-dist/tex/generic/oberdiek/ltxcmds.sty
Package: ltxcmds 2016/05/16 v1.23 LaTeX kernel commands for general use (HO)
)
\Gread@gobject=\count105
))
\Gin@req@height=\dimen103
\Gin@req@width=\dimen104
)
(/usr/local/texlive/2016/texmf-dist/tex/latex/tools/array.sty
Package: array 2014/10/28 v2.4c Tabular extension package (FMi)
\col@sep=\dimen105
\extrarowheight=\dimen106
\NC@list=\toks16
\extratabsurround=\skip43
\backup@length=\skip44
)
(/usr/local/texlive/2016/texmf-dist/tex/latex/geometry/geometry.sty
Package: geometry 2010/09/12 v5.6 Page Geometry

(/usr/local/texlive/2016/texmf-dist/tex/generic/oberdiek/ifpdf.sty
Package: ifpdf 2016/05/14 v3.1 Provides the ifpdf switch
)
(/usr/local/texlive/2016/texmf-dist/tex/generic/oberdiek/ifvtex.sty
Package: ifvtex 2016/05/16 v1.6 Detect VTeX and its facilities (HO)
Package ifvtex Info: VTeX not detected.
)
(/usr/local/texlive/2016/texmf-dist/tex/generic/ifxetex/ifxetex.sty
Package: ifxetex 2010/09/12 v0.6 Provides ifxetex conditional
)
\Gm@cnth=\count106
\Gm@cntv=\count107
\c@Gm@tempcnt=\count108
\Gm@bindingoffset=\dimen107
\Gm@wd@mp=\dimen108
\Gm@odd@mp=\dimen109
\Gm@even@mp=\dimen110
\Gm@layoutwidth=\dimen111
\Gm@layoutheight=\dimen112
\Gm@layouthoffset=\dimen113
\Gm@layoutvoffset=\dimen114
\Gm@dimlist=\toks17
)
(./Report.aux)
\openout1 = `Report.aux'.

LaTeX Font Info:    Checking defaults for OML/cmm/m/it on input line 13.
LaTeX Font Info:    ... okay on input line 13.
LaTeX Font Info:    Checking defaults for T1/cmr/m/n on input line 13.
LaTeX Font Info:    ... okay on input line 13.
LaTeX Font Info:    Checking defaults for OT1/cmr/m/n on input line 13.
LaTeX Font Info:    ... okay on input line 13.
LaTeX Font Info:    Checking defaults for OMS/cmsy/m/n on input line 13.
LaTeX Font Info:    ... okay on input line 13.
LaTeX Font Info:    Checking defaults for OMX/cmex/m/n on input line 13.
LaTeX Font Info:    ... okay on input line 13.
LaTeX Font Info:    Checking defaults for U/cmr/m/n on input line 13.
LaTeX Font Info:    ... okay on input line 13.

(/usr/local/texlive/2016/texmf-dist/tex/context/base/mkii/supp-pdf.mkii
[Loading MPS to PDF converter (version 2006.09.02).]
\scratchcounter=\count109
\scratchdimen=\dimen115
\scratchbox=\box26
\nofMPsegments=\count110
\nofMParguments=\count111
\everyMPshowfont=\toks18
\MPscratchCnt=\count112
\MPscratchDim=\dimen116
\MPnumerator=\count113
\makeMPintoPDFobject=\count114
\everyMPtoPDFconversion=\toks19
) (/usr/local/texlive/2016/texmf-dist/tex/generic/oberdiek/pdftexcmds.sty
Package: pdftexcmds 2016/05/10 v0.21 Utility functions of pdfTeX for LuaTeX (HO
)

(/usr/local/texlive/2016/texmf-dist/tex/generic/oberdiek/ifluatex.sty
Package: ifluatex 2016/05/16 v1.4 Provides the ifluatex switch (HO)
Package ifluatex Info: LuaTeX not detected.
)
Package pdftexcmds Info: LuaTeX not detected.
Package pdftexcmds Info: \pdf@primitive is available.
Package pdftexcmds Info: \pdf@ifprimitive is available.
Package pdftexcmds Info: \pdfdraftmode found.
)
(/usr/local/texlive/2016/texmf-dist/tex/latex/oberdiek/epstopdf-base.sty
Package: epstopdf-base 2016/05/15 v2.6 Base part for package epstopdf

(/usr/local/texlive/2016/texmf-dist/tex/latex/oberdiek/grfext.sty
Package: grfext 2016/05/16 v1.2 Manage graphics extensions (HO)

(/usr/local/texlive/2016/texmf-dist/tex/generic/oberdiek/kvdefinekeys.sty
Package: kvdefinekeys 2016/05/16 v1.4 Define keys (HO)
))
(/usr/local/texlive/2016/texmf-dist/tex/latex/oberdiek/kvoptions.sty
Package: kvoptions 2016/05/16 v3.12 Key value format for package options (HO)

(/usr/local/texlive/2016/texmf-dist/tex/generic/oberdiek/kvsetkeys.sty
Package: kvsetkeys 2016/05/16 v1.17 Key value parser (HO)

(/usr/local/texlive/2016/texmf-dist/tex/generic/oberdiek/etexcmds.sty
Package: etexcmds 2016/05/16 v1.6 Avoid name clashes with e-TeX commands (HO)
Package etexcmds Info: Could not find \expanded.
(etexcmds)             That can mean that you are not using pdfTeX 1.50 or
(etexcmds)             that some package has redefined \expanded.
(etexcmds)             In the latter case, load this package earlier.
)))
Package grfext Info: Graphics extension search list:
(grfext)             [.png,.pdf,.jpg,.mps,.jpeg,.jbig2,.jb2,.PNG,.PDF,.JPG,.JPE
G,.JBIG2,.JB2,.eps]
(grfext)             \AppendGraphicsExtensions on input line 456.

(/usr/local/texlive/2016/texmf-dist/tex/latex/latexconfig/epstopdf-sys.cfg
File: epstopdf-sys.cfg 2010/07/13 v1.3 Configuration of (r)epstopdf for TeX Liv
e
))
*geometry* driver: auto-detecting
*geometry* detected driver: pdftex
*geometry* verbose mode - [ preamble ] result:
* driver: pdftex
* paper: <default>
* layout: <same size as paper>
* layoutoffset:(h,v)=(0.0pt,0.0pt)
* modes: 
* h-part:(L,W,R)=(72.26999pt, 469.75502pt, 72.26999pt)
* v-part:(T,H,B)=(72.26999pt, 650.43001pt, 72.26999pt)
* \paperwidth=614.295pt
* \paperheight=794.96999pt
* \textwidth=469.75502pt
* \textheight=650.43001pt
* \oddsidemargin=0.0pt
* \evensidemargin=0.0pt
* \topmargin=-37.0pt
* \headheight=12.0pt
* \headsep=25.0pt
* \topskip=10.0pt
* \footskip=30.0pt
* \marginparwidth=65.0pt
* \marginparsep=11.0pt
* \columnsep=10.0pt
* \skip\footins=9.0pt plus 4.0pt minus 2.0pt
* \hoffset=0.0pt
* \voffset=0.0pt
* \mag=1000
* \@twocolumnfalse
* \@twosidefalse
* \@mparswitchfalse
* \@reversemarginfalse
* (1in=72.27pt=25.4mm, 1cm=28.453pt)

LaTeX Font Info:    Try loading font information for U+msa on input line 14.
(/usr/local/texlive/2016/texmf-dist/tex/latex/amsfonts/umsa.fd
File: umsa.fd 2013/01/14 v3.01 AMS symbols A
)
LaTeX Font Info:    Try loading font information for U+msb on input line 14.

(/usr/local/texlive/2016/texmf-dist/tex/latex/amsfonts/umsb.fd
File: umsb.fd 2013/01/14 v3.01 AMS symbols B
)
Underfull \hbox (badness 10000) in paragraph at lines 16--17

 []

<top_20_Haar_filter.jpg, id=1, 1171.37625pt x 878.28125pt>
File: top_20_Haar_filter.jpg Graphic file (type jpg)

<use top_20_Haar_filter.jpg>
Package pdftex.def Info: top_20_Haar_filter.jpg used on input line 22.
(pdftex.def)             Requested size: 292.84334pt x 219.56978pt.

<strong_classifier_training_error.jpg, id=2, 1171.37625pt x 878.28125pt>
File: strong_classifier_training_error.jpg Graphic file (type jpg)

<use strong_classifier_training_error.jpg>
Package pdftex.def Info: strong_classifier_training_error.jpg used on input lin
e 29.
(pdftex.def)             Requested size: 292.84334pt x 219.56978pt.

<top_1000_weak_classifiers.jpg, id=3, 1171.37625pt x 878.28125pt>
File: top_1000_weak_classifiers.jpg Graphic file (type jpg)

<use top_1000_weak_classifiers.jpg>
Package pdftex.def Info: top_1000_weak_classifiers.jpg used on input line 36.
(pdftex.def)             Requested size: 292.84334pt x 219.56978pt.

<pos_neg_hist_10.jpg, id=4, 1171.37625pt x 878.28125pt>
File: pos_neg_hist_10.jpg Graphic file (type jpg)

<use pos_neg_hist_10.jpg>
Package pdftex.def Info: pos_neg_hist_10.jpg used on input line 43.
(pdftex.def)             Requested size: 234.2711pt x 175.65314pt.

<pos_neg_hist_50.jpg, id=5, 1171.37625pt x 878.28125pt>
File: pos_neg_hist_50.jpg Graphic file (type jpg)

<use pos_neg_hist_50.jpg>
Package pdftex.def Info: pos_neg_hist_50.jpg used on input line 49.
(pdftex.def)             Requested size: 234.2711pt x 175.65314pt.

<pos_neg_hist_100.jpg, id=6, 1171.37625pt x 878.28125pt>
File: pos_neg_hist_100.jpg Graphic file (type jpg)

<use pos_neg_hist_100.jpg>
Package pdftex.def Info: pos_neg_hist_100.jpg used on input line 55.
(pdftex.def)             Requested size: 234.2711pt x 175.65314pt.

Underfull \hbox (badness 10000) in paragraph at lines 19--60

 []


Underfull \hbox (badness 10000) in paragraph at lines 19--60

 []

[1

{/usr/local/texlive/2016/texmf-var/fonts/map/pdftex/updmap/pdftex.map} <./top_2
0_Haar_filter.jpg>] [2 <./strong_classifier_training_error.jpg> <./top_1000_wea
k_classifiers.jpg>] [3 <./pos_neg_hist_10.jpg> <./pos_neg_hist_50.jpg>]
<roc.jpg, id=26, 1171.37625pt x 878.28125pt>
File: roc.jpg Graphic file (type jpg)
 <use roc.jpg>
Package pdftex.def Info: roc.jpg used on input line 62.
(pdftex.def)             Requested size: 292.84334pt x 219.56978pt.

Underfull \hbox (badness 10000) in paragraph at lines 60--68

 []

[4 <./pos_neg_hist_100.jpg> <./roc.jpg>]
<detection_face_1.jpg, id=30, 1563.8425pt x 1139.25626pt>
File: detection_face_1.jpg Graphic file (type jpg)

<use detection_face_1.jpg>
Package pdftex.def Info: detection_face_1.jpg used on input line 69.
(pdftex.def)             Requested size: 469.75502pt x 342.2141pt.
 [5 <./detection_face_1.jpg>]
<detection_face_2.jpg, id=34, 1563.8425pt x 1139.25626pt>
File: detection_face_2.jpg Graphic file (type jpg)

<use detection_face_2.jpg>
Package pdftex.def Info: detection_face_2.jpg used on input line 75.
(pdftex.def)             Requested size: 469.75502pt x 342.2141pt.
 [6 <./detection_face_2.jpg>]
<detection_face_3.jpg, id=38, 1563.8425pt x 1139.25626pt>
File: detection_face_3.jpg Graphic file (type jpg)

<use detection_face_3.jpg>
Package pdftex.def Info: detection_face_3.jpg used on input line 81.
(pdftex.def)             Requested size: 469.75502pt x 342.2141pt.
 [7 <./detection_face_3.jpg>]
<detection_nonface_1.jpg, id=43, 1563.8425pt x 1139.25626pt>
File: detection_nonface_1.jpg Graphic file (type jpg)

<use detection_nonface_1.jpg>
Package pdftex.def Info: detection_nonface_1.jpg used on input line 87.
(pdftex.def)             Requested size: 469.75502pt x 342.2141pt.
 [8 <./detection_nonface_1.jpg>]
<detection_nonface_2.jpg, id=47, 1563.8425pt x 1139.25626pt>
File: detection_nonface_2.jpg Graphic file (type jpg)

<use detection_nonface_2.jpg>
Package pdftex.def Info: detection_nonface_2.jpg used on input line 93.
(pdftex.def)             Requested size: 469.75502pt x 342.2141pt.
 [9 <./detection_nonface_2.jpg>]
<detection_nonface_3.jpg, id=51, 1563.8425pt x 1139.25626pt>
File: detection_nonface_3.jpg Graphic file (type jpg)

<use detection_nonface_3.jpg>
Package pdftex.def Info: detection_nonface_3.jpg used on input line 99.
(pdftex.def)             Requested size: 469.75502pt x 342.2141pt.

Underfull \hbox (badness 10000) in paragraph at lines 104--105

 []

[10 <./detection_nonface_3.jpg>]
<detection_face_1_hard_neg.jpg, id=55, 1563.8425pt x 1139.25626pt>
File: detection_face_1_hard_neg.jpg Graphic file (type jpg)

<use detection_face_1_hard_neg.jpg>
Package pdftex.def Info: detection_face_1_hard_neg.jpg used on input line 106.
(pdftex.def)             Requested size: 469.75502pt x 342.2141pt.
 [11 <./detection_face_1_hard_neg.jpg>]
<detection_face_2_hard_neg.jpg, id=59, 1563.8425pt x 1139.25626pt>
File: detection_face_2_hard_neg.jpg Graphic file (type jpg)

<use detection_face_2_hard_neg.jpg>
Package pdftex.def Info: detection_face_2_hard_neg.jpg used on input line 112.
(pdftex.def)             Requested size: 469.75502pt x 342.2141pt.
 [12 <./detection_face_2_hard_neg.jpg>]
<detection_face_3_hard_neg.jpg, id=63, 1563.8425pt x 1139.25626pt>
File: detection_face_3_hard_neg.jpg Graphic file (type jpg)

<use detection_face_3_hard_neg.jpg>
Package pdftex.def Info: detection_face_3_hard_neg.jpg used on input line 118.
(pdftex.def)             Requested size: 469.75502pt x 342.2141pt.
 [13 <./detection_face_3_hard_neg.jpg>]
<detection_nonface_1_hard_neg.jpg, id=68, 1563.8425pt x 1139.25626pt>
File: detection_nonface_1_hard_neg.jpg Graphic file (type jpg)

<use detection_nonface_1_hard_neg.jpg>
Package pdftex.def Info: detection_nonface_1_hard_neg.jpg used on input line 12
4.
(pdftex.def)             Requested size: 469.75502pt x 342.2141pt.
 [14 <./detection_nonface_1_hard_neg.jpg>] <detection_nonface_2_hard_neg.jpg, i
d=72, 1563.8425pt x 1139.25626pt>
File: detection_nonface_2_hard_neg.jpg Graphic file (type jpg)

<use detection_nonface_2_hard_neg.jpg>
Package pdftex.def Info: detection_nonface_2_hard_neg.jpg used on input line 13
0.
(pdftex.def)             Requested size: 469.75502pt x 342.2141pt.
 [15 <./detection_nonface_2_hard_neg.jpg>] <detection_nonface_3_hard_neg.jpg, i
d=76, 1563.8425pt x 1139.25626pt>
File: detection_nonface_3_hard_neg.jpg Graphic file (type jpg)

<use detection_nonface_3_hard_neg.jpg>
Package pdftex.def Info: detection_nonface_3_hard_neg.jpg used on input line 13
6.
(pdftex.def)             Requested size: 469.75502pt x 342.2141pt.

<pos_neg_hist_10_real.jpg, id=77, 1171.37625pt x 878.28125pt>
File: pos_neg_hist_10_real.jpg Graphic file (type jpg)

<use pos_neg_hist_10_real.jpg>
Package pdftex.def Info: pos_neg_hist_10_real.jpg used on input line 146.
(pdftex.def)             Requested size: 234.2711pt x 175.65314pt.

<pos_neg_hist_50_real.jpg, id=78, 1171.37625pt x 878.28125pt>
File: pos_neg_hist_50_real.jpg Graphic file (type jpg)

<use pos_neg_hist_50_real.jpg>
Package pdftex.def Info: pos_neg_hist_50_real.jpg used on input line 152.
(pdftex.def)             Requested size: 234.2711pt x 175.65314pt.

<pos_neg_hist_100_real.jpg, id=79, 1171.37625pt x 878.28125pt>
File: pos_neg_hist_100_real.jpg Graphic file (type jpg)

<use pos_neg_hist_100_real.jpg>
Package pdftex.def Info: pos_neg_hist_100_real.jpg used on input line 158.
(pdftex.def)             Requested size: 234.2711pt x 175.65314pt.

Underfull \hbox (badness 10000) in paragraph at lines 143--163

 []


Underfull \hbox (badness 10000) in paragraph at lines 143--163

 []

[16 <./detection_nonface_3_hard_neg.jpg>]
<roc_real.jpg, id=83, 1171.37625pt x 878.28125pt>
File: roc_real.jpg Graphic file (type jpg)
 <use roc_real.jpg>
Package pdftex.def Info: roc_real.jpg used on input line 165.
(pdftex.def)             Requested size: 292.84334pt x 219.56978pt.

Underfull \hbox (badness 10000) in paragraph at lines 163--170

 []

[17 <./pos_neg_hist_10_real.jpg> <./pos_neg_hist_50_real.jpg>] [18 <./pos_neg_h
ist_100_real.jpg> <./roc_real.jpg>] (./Report.aux) ) 
Here is how much of TeX's memory you used:
 2419 strings out of 493014
 36561 string characters out of 6133351
 103509 words of memory out of 5000000
 5909 multiletter control sequences out of 15000+600000
 11503 words of font info for 45 fonts, out of 8000000 for 9000
 1141 hyphenation exceptions out of 8191
 38i,7n,32p,819b,214s stack positions out of 5000i,500n,10000p,200000b,80000s
</usr/local/texlive/2016/te
xmf-dist/fonts/type1/public/amsfonts/cm/cmbx10.pfb></usr/local/texlive/2016/tex
mf-dist/fonts/type1/public/amsfonts/cm/cmbx12.pfb></usr/local/texlive/2016/texm
f-dist/fonts/type1/public/amsfonts/cm/cmmi10.pfb></usr/local/texlive/2016/texmf
-dist/fonts/type1/public/amsfonts/cm/cmmi7.pfb></usr/local/texlive/2016/texmf-d
ist/fonts/type1/public/amsfonts/cm/cmr10.pfb></usr/local/texlive/2016/texmf-dis
t/fonts/type1/public/amsfonts/cm/cmr12.pfb></usr/local/texlive/2016/texmf-dist/
fonts/type1/public/amsfonts/cm/cmr17.pfb></usr/local/texlive/2016/texmf-dist/fo
nts/type1/public/amsfonts/cm/cmsy10.pfb>
Output written on Report.pdf (18 pages, 2910498 bytes).
PDF statistics:
 117 PDF objects out of 1000 (max. 8388607)
 65 compressed objects within 1 object stream
 0 named destinations out of 1000 (max. 500000)
 116 words of extra memory for PDF output out of 10000 (max. 10000000)

