This is pdfTeX, Version 3.14159265-2.6-1.40.17 (TeX Live 2016) (preloaded format=pdflatex 2016.5.22)  11 OCT 2017 11:04
entering extended mode
 restricted \write18 enabled.
 file:line:error style messages enabled.
 %&-line parsing enabled.
**Report.tex
(./Report.tex
LaTeX2e <2016/03/31>
Babel <3.9r> and hyphenation patterns for 83 language(s) loaded.
(/usr/local/texlive/2016/texmf-dist/tex/latex/base/article.cls
Document Class: article 2014/09/29 v1.4h Standard LaTeX document class
(/usr/local/texlive/2016/texmf-dist/tex/latex/base/size10.clo
File: size10.clo 2014/09/29 v1.4h Standard LaTeX file (size option)
)
\c@part=\count79
\c@section=\count80
\c@subsection=\count81
\c@subsubsection=\count82
\c@paragraph=\count83
\c@subparagraph=\count84
\c@figure=\count85
\c@table=\count86
\abovecaptionskip=\skip41
\belowcaptionskip=\skip42
\bibindent=\dimen102
)
(/usr/local/texlive/2016/texmf-dist/tex/latex/blindtext/blindtext.sty
Package: blindtext 2012/01/06 V2.0 blindtext-Package

(/usr/local/texlive/2016/texmf-dist/tex/latex/tools/xspace.sty
Package: xspace 2014/10/28 v1.13 Space after command names (DPC,MH)
)
\c@blindtext=\count87
\c@Blindtext=\count88
\c@blind@countparstart=\count89
\blind@countxx=\count90
\blindtext@numBlindtext=\count91
\blind@countyy=\count92
\c@blindlist=\count93
\c@blindlistlevel=\count94
\c@blindlist@level=\count95
\blind@listitem=\count96
\c@blind@listcount=\count97
\c@blind@levelcount=\count98
\blind@mathformula=\count99
\blind@Mathformula=\count100
\c@blind@randomcount=\count101
\c@blind@randommax=\count102
\c@blind@pangramcount=\count103
\c@blind@pangrammax=\count104
)
(/usr/local/texlive/2016/texmf-dist/tex/latex/graphics/graphicx.sty
Package: graphicx 2014/10/28 v1.0g Enhanced LaTeX Graphics (DPC,SPQR)

(/usr/local/texlive/2016/texmf-dist/tex/latex/graphics/keyval.sty
Package: keyval 2014/10/28 v1.15 key=value parser (DPC)
\KV@toks@=\toks14
)
(/usr/local/texlive/2016/texmf-dist/tex/latex/graphics/graphics.sty
Package: graphics 2016/05/09 v1.0r Standard LaTeX Graphics (DPC,SPQR)

(/usr/local/texlive/2016/texmf-dist/tex/latex/graphics/trig.sty
Package: trig 2016/01/03 v1.10 sin cos tan (DPC)
)
(/usr/local/texlive/2016/texmf-dist/tex/latex/graphics-cfg/graphics.cfg
File: graphics.cfg 2016/01/02 v1.10 sample graphics configuration
)
Package graphics Info: Driver file: pdftex.def on input line 96.

(/usr/local/texlive/2016/texmf-dist/tex/latex/pdftex-def/pdftex.def
File: pdftex.def 2011/05/27 v0.06d Graphics/color for pdfTeX

(/usr/local/texlive/2016/texmf-dist/tex/generic/oberdiek/infwarerr.sty
Package: infwarerr 2016/05/16 v1.4 Providing info/warning/error messages (HO)
)
(/usr/local/texlive/2016/texmf-dist/tex/generic/oberdiek/ltxcmds.sty
Package: ltxcmds 2016/05/16 v1.23 LaTeX kernel commands for general use (HO)
)
\Gread@gobject=\count105
))
\Gin@req@height=\dimen103
\Gin@req@width=\dimen104
)
(/usr/local/texlive/2016/texmf-dist/tex/latex/tools/array.sty
Package: array 2014/10/28 v2.4c Tabular extension package (FMi)
\col@sep=\dimen105
\extrarowheight=\dimen106
\NC@list=\toks15
\extratabsurround=\skip43
\backup@length=\skip44
)
(/usr/local/texlive/2016/texmf-dist/tex/latex/geometry/geometry.sty
Package: geometry 2010/09/12 v5.6 Page Geometry

(/usr/local/texlive/2016/texmf-dist/tex/generic/oberdiek/ifpdf.sty
Package: ifpdf 2016/05/14 v3.1 Provides the ifpdf switch
)
(/usr/local/texlive/2016/texmf-dist/tex/generic/oberdiek/ifvtex.sty
Package: ifvtex 2016/05/16 v1.6 Detect VTeX and its facilities (HO)
Package ifvtex Info: VTeX not detected.
)
(/usr/local/texlive/2016/texmf-dist/tex/generic/ifxetex/ifxetex.sty
Package: ifxetex 2010/09/12 v0.6 Provides ifxetex conditional
)
\Gm@cnth=\count106
\Gm@cntv=\count107
\c@Gm@tempcnt=\count108
\Gm@bindingoffset=\dimen107
\Gm@wd@mp=\dimen108
\Gm@odd@mp=\dimen109
\Gm@even@mp=\dimen110
\Gm@layoutwidth=\dimen111
\Gm@layoutheight=\dimen112
\Gm@layouthoffset=\dimen113
\Gm@layoutvoffset=\dimen114
\Gm@dimlist=\toks16
)
(./Report.aux)
\openout1 = `Report.aux'.

LaTeX Font Info:    Checking defaults for OML/cmm/m/it on input line 12.
LaTeX Font Info:    ... okay on input line 12.
LaTeX Font Info:    Checking defaults for T1/cmr/m/n on input line 12.
LaTeX Font Info:    ... okay on input line 12.
LaTeX Font Info:    Checking defaults for OT1/cmr/m/n on input line 12.
LaTeX Font Info:    ... okay on input line 12.
LaTeX Font Info:    Checking defaults for OMS/cmsy/m/n on input line 12.
LaTeX Font Info:    ... okay on input line 12.
LaTeX Font Info:    Checking defaults for OMX/cmex/m/n on input line 12.
LaTeX Font Info:    ... okay on input line 12.
LaTeX Font Info:    Checking defaults for U/cmr/m/n on input line 12.
LaTeX Font Info:    ... okay on input line 12.

(/usr/local/texlive/2016/texmf-dist/tex/context/base/mkii/supp-pdf.mkii
[Loading MPS to PDF converter (version 2006.09.02).]
\scratchcounter=\count109
\scratchdimen=\dimen115
\scratchbox=\box26
\nofMPsegments=\count110
\nofMParguments=\count111
\everyMPshowfont=\toks17
\MPscratchCnt=\count112
\MPscratchDim=\dimen116
\MPnumerator=\count113
\makeMPintoPDFobject=\count114
\everyMPtoPDFconversion=\toks18
) (/usr/local/texlive/2016/texmf-dist/tex/generic/oberdiek/pdftexcmds.sty
Package: pdftexcmds 2016/05/10 v0.21 Utility functions of pdfTeX for LuaTeX (HO
)

(/usr/local/texlive/2016/texmf-dist/tex/generic/oberdiek/ifluatex.sty
Package: ifluatex 2016/05/16 v1.4 Provides the ifluatex switch (HO)
Package ifluatex Info: LuaTeX not detected.
)
Package pdftexcmds Info: LuaTeX not detected.
Package pdftexcmds Info: \pdf@primitive is available.
Package pdftexcmds Info: \pdf@ifprimitive is available.
Package pdftexcmds Info: \pdfdraftmode found.
)
(/usr/local/texlive/2016/texmf-dist/tex/latex/oberdiek/epstopdf-base.sty
Package: epstopdf-base 2016/05/15 v2.6 Base part for package epstopdf

(/usr/local/texlive/2016/texmf-dist/tex/latex/oberdiek/grfext.sty
Package: grfext 2016/05/16 v1.2 Manage graphics extensions (HO)

(/usr/local/texlive/2016/texmf-dist/tex/generic/oberdiek/kvdefinekeys.sty
Package: kvdefinekeys 2016/05/16 v1.4 Define keys (HO)
))
(/usr/local/texlive/2016/texmf-dist/tex/latex/oberdiek/kvoptions.sty
Package: kvoptions 2016/05/16 v3.12 Key value format for package options (HO)

(/usr/local/texlive/2016/texmf-dist/tex/generic/oberdiek/kvsetkeys.sty
Package: kvsetkeys 2016/05/16 v1.17 Key value parser (HO)

(/usr/local/texlive/2016/texmf-dist/tex/generic/oberdiek/etexcmds.sty
Package: etexcmds 2016/05/16 v1.6 Avoid name clashes with e-TeX commands (HO)
Package etexcmds Info: Could not find \expanded.
(etexcmds)             That can mean that you are not using pdfTeX 1.50 or
(etexcmds)             that some package has redefined \expanded.
(etexcmds)             In the latter case, load this package earlier.
)))
Package grfext Info: Graphics extension search list:
(grfext)             [.png,.pdf,.jpg,.mps,.jpeg,.jbig2,.jb2,.PNG,.PDF,.JPG,.JPE
G,.JBIG2,.JB2,.eps]
(grfext)             \AppendGraphicsExtensions on input line 456.

(/usr/local/texlive/2016/texmf-dist/tex/latex/latexconfig/epstopdf-sys.cfg
File: epstopdf-sys.cfg 2010/07/13 v1.3 Configuration of (r)epstopdf for TeX Liv
e
))
*geometry* driver: auto-detecting
*geometry* detected driver: pdftex
*geometry* verbose mode - [ preamble ] result:
* driver: pdftex
* paper: <default>
* layout: <same size as paper>
* layoutoffset:(h,v)=(0.0pt,0.0pt)
* modes: 
* h-part:(L,W,R)=(72.26999pt, 469.75502pt, 72.26999pt)
* v-part:(T,H,B)=(72.26999pt, 650.43001pt, 72.26999pt)
* \paperwidth=614.295pt
* \paperheight=794.96999pt
* \textwidth=469.75502pt
* \textheight=650.43001pt
* \oddsidemargin=0.0pt
* \evensidemargin=0.0pt
* \topmargin=-37.0pt
* \headheight=12.0pt
* \headsep=25.0pt
* \topskip=10.0pt
* \footskip=30.0pt
* \marginparwidth=65.0pt
* \marginparsep=11.0pt
* \columnsep=10.0pt
* \skip\footins=9.0pt plus 4.0pt minus 2.0pt
* \hoffset=0.0pt
* \voffset=0.0pt
* \mag=1000
* \@twocolumnfalse
* \@twosidefalse
* \@mparswitchfalse
* \@reversemarginfalse
* (1in=72.27pt=25.4mm, 1cm=28.453pt)

LaTeX Font Info:    External font `cmex10' loaded for size
(Font)              <12> on input line 13.
LaTeX Font Info:    External font `cmex10' loaded for size
(Font)              <8> on input line 13.
LaTeX Font Info:    External font `cmex10' loaded for size
(Font)              <6> on input line 13.
<full_error.png, id=1, 1124.2pt x 843.15pt>
File: full_error.png Graphic file (type png)
 <use full_error.png>
Package pdftex.def Info: full_error.png used on input line 17.
(pdftex.def)             Requested size: 469.75502pt x 352.30656pt.
LaTeX Font Info:    External font `cmex10' loaded for size
(Font)              <7> on input line 25.
LaTeX Font Info:    External font `cmex10' loaded for size
(Font)              <5> on input line 25.
 [1

{/usr/local/texlive/2016/texmf-var/fonts/map/pdftex/updmap/pdftex.map} <./full_
error.png (PNG copy)>] <1.png, id=11, 32.12pt x 32.12pt>
File: 1.png Graphic file (type png)
 <use 1.png>
Package pdftex.def Info: 1.png used on input line 37.
(pdftex.def)             Requested size: 32.1199pt x 32.1199pt.

<1_filter_res.png, id=12, 562.2606pt x 421.575pt>
File: 1_filter_res.png Graphic file (type png)
 <use 1_filter_res.png>
Package pdftex.def Info: 1_filter_res.png used on input line 38.
(pdftex.def)             Requested size: 365.46506pt x 274.0205pt.

Underfull \hbox (badness 10000) in paragraph at lines 35--39

 []

[2 <./1.png (PNG copy)> <./1_filter_res.png (PNG copy)>]
<2.png, id=16, 32.12pt x 32.12pt>
File: 2.png Graphic file (type png)
 <use 2.png>
Package pdftex.def Info: 2.png used on input line 41.
(pdftex.def)             Requested size: 32.1199pt x 32.1199pt.

<2_filter_res.png, id=17, 562.2606pt x 421.575pt>
File: 2_filter_res.png Graphic file (type png)
 <use 2_filter_res.png>
Package pdftex.def Info: 2_filter_res.png used on input line 42.
(pdftex.def)             Requested size: 365.46506pt x 274.0205pt.

<3.png, id=18, 32.12pt x 32.12pt>
File: 3.png Graphic file (type png)
 <use 3.png>
Package pdftex.def Info: 3.png used on input line 44.
(pdftex.def)             Requested size: 32.1199pt x 32.1199pt.

<3_filter_res.png, id=19, 562.2606pt x 421.575pt>
File: 3_filter_res.png Graphic file (type png)
 <use 3_filter_res.png>
Package pdftex.def Info: 3_filter_res.png used on input line 45.
(pdftex.def)             Requested size: 365.46506pt x 274.0205pt.

Underfull \hbox (badness 10000) in paragraph at lines 40--46

 []

[3 <./2.png (PNG copy)> <./2_filter_res.png (PNG copy)> <./3.png (PNG copy)> <.
/3_filter_res.png (PNG copy)>] <4.png, id=23, 32.12pt x 32.12pt>
File: 4.png Graphic file (type png)
 <use 4.png>
Package pdftex.def Info: 4.png used on input line 48.
(pdftex.def)             Requested size: 32.1199pt x 32.1199pt.

<4_filter_res.png, id=24, 562.2606pt x 421.575pt>
File: 4_filter_res.png Graphic file (type png)
 <use 4_filter_res.png>
Package pdftex.def Info: 4_filter_res.png used on input line 49.
(pdftex.def)             Requested size: 365.46506pt x 274.0205pt.

<5.png, id=25, 32.12pt x 32.12pt>
File: 5.png Graphic file (type png)
 <use 5.png>
Package pdftex.def Info: 5.png used on input line 51.
(pdftex.def)             Requested size: 32.1199pt x 32.1199pt.

<5_filter_res.png, id=26, 562.2606pt x 421.575pt>
File: 5_filter_res.png Graphic file (type png)
 <use 5_filter_res.png>
Package pdftex.def Info: 5_filter_res.png used on input line 52.
(pdftex.def)             Requested size: 365.46506pt x 274.0205pt.

Underfull \hbox (badness 10000) in paragraph at lines 47--53

 []

[4 <./4.png (PNG copy)> <./4_filter_res.png (PNG copy)> <./5.png (PNG copy)> <.
/5_filter_res.png (PNG copy)>] <6.png, id=30, 32.12pt x 32.12pt>
File: 6.png Graphic file (type png)
 <use 6.png>
Package pdftex.def Info: 6.png used on input line 55.
(pdftex.def)             Requested size: 32.1199pt x 32.1199pt.

<6_filter_res.png, id=31, 562.2606pt x 421.575pt>
File: 6_filter_res.png Graphic file (type png)
 <use 6_filter_res.png>
Package pdftex.def Info: 6_filter_res.png used on input line 56.
(pdftex.def)             Requested size: 365.46506pt x 274.0205pt.

<7.png, id=32, 32.12pt x 32.12pt>
File: 7.png Graphic file (type png)
 <use 7.png>
Package pdftex.def Info: 7.png used on input line 58.
(pdftex.def)             Requested size: 32.1199pt x 32.1199pt.

<7_filter_res.png, id=33, 562.2606pt x 421.575pt>
File: 7_filter_res.png Graphic file (type png)
 <use 7_filter_res.png>
Package pdftex.def Info: 7_filter_res.png used on input line 59.
(pdftex.def)             Requested size: 365.46506pt x 274.0205pt.

Underfull \hbox (badness 10000) in paragraph at lines 54--60

 []

[5 <./6.png (PNG copy)> <./6_filter_res.png (PNG copy)> <./7.png (PNG copy)> <.
/7_filter_res.png (PNG copy)>] <8.png, id=37, 32.12pt x 32.12pt>
File: 8.png Graphic file (type png)
 <use 8.png>
Package pdftex.def Info: 8.png used on input line 62.
(pdftex.def)             Requested size: 32.1199pt x 32.1199pt.

<8_filter_res.png, id=38, 562.2606pt x 421.575pt>
File: 8_filter_res.png Graphic file (type png)
 <use 8_filter_res.png>
Package pdftex.def Info: 8_filter_res.png used on input line 63.
(pdftex.def)             Requested size: 365.46506pt x 274.0205pt.

<9.png, id=39, 32.12pt x 32.12pt>
File: 9.png Graphic file (type png)
 <use 9.png>
Package pdftex.def Info: 9.png used on input line 65.
(pdftex.def)             Requested size: 32.1199pt x 32.1199pt.

<9_filter_res.png, id=40, 562.2606pt x 421.575pt>
File: 9_filter_res.png Graphic file (type png)
 <use 9_filter_res.png>
Package pdftex.def Info: 9_filter_res.png used on input line 66.
(pdftex.def)             Requested size: 365.46506pt x 274.0205pt.

Underfull \hbox (badness 10000) in paragraph at lines 61--67

 []

[6 <./8.png (PNG copy)> <./8_filter_res.png (PNG copy)> <./9.png (PNG copy)> <.
/9_filter_res.png (PNG copy)>] <10.png, id=44, 32.12pt x 32.12pt>
File: 10.png Graphic file (type png)
 <use 10.png>
Package pdftex.def Info: 10.png used on input line 69.
(pdftex.def)             Requested size: 32.1199pt x 32.1199pt.

<10_filter_res.png, id=45, 562.2606pt x 421.575pt>
File: 10_filter_res.png Graphic file (type png)
 <use 10_filter_res.png>
Package pdftex.def Info: 10_filter_res.png used on input line 70.
(pdftex.def)             Requested size: 365.46506pt x 274.0205pt.

Underfull \hbox (badness 10000) in paragraph at lines 68--71

 []

[7 <./10.png (PNG copy)> <./10_filter_res.png (PNG copy)>] (./Report.aux) ) 
Here is how much of TeX's memory you used:
 2296 strings out of 493014
 33509 string characters out of 6133351
 99849 words of memory out of 5000000
 5806 multiletter control sequences out of 15000+600000
 7588 words of font info for 27 fonts, out of 8000000 for 9000
 1141 hyphenation exceptions out of 8191
 38i,8n,32p,236b,218s stack positions out of 5000i,500n,10000p,200000b,80000s
</us
r/local/texlive/2016/texmf-dist/fonts/type1/public/amsfonts/cm/cmbx9.pfb></usr/
local/texlive/2016/texmf-dist/fonts/type1/public/amsfonts/cm/cmr10.pfb></usr/lo
cal/texlive/2016/texmf-dist/fonts/type1/public/amsfonts/cm/cmr12.pfb></usr/loca
l/texlive/2016/texmf-dist/fonts/type1/public/amsfonts/cm/cmr17.pfb>
Output written on Report.pdf (7 pages, 940237 bytes).
PDF statistics:
 65 PDF objects out of 1000 (max. 8388607)
 30 compressed objects within 1 object stream
 0 named destinations out of 1000 (max. 500000)
 106 words of extra memory for PDF output out of 10000 (max. 10000000)

